This is pdfTeX, Version 3.14159265-2.6-1.40.16 (TeX Live 2015) (preloaded format=pdflatex 2015.10.11)  2 NOV 2017 14:44
entering extended mode
 restricted \write18 enabled.
 file:line:error style messages enabled.
 %&-line parsing enabled.
**chapter3.tex
(./chapter3.tex
LaTeX2e <2015/01/01>
Babel <3.9l> and hyphenation patterns for 79 languages loaded.
./chapter3.tex:5: Undefined control sequence.
l.5 \chapter
            {Built-in applications}
? 
./chapter3.tex:5: Emergency stop.
l.5 \chapter
            {Built-in applications}
End of file on the terminal!

 
Here is how much of TeX's memory you used:
 5 strings out of 493089
 131 string characters out of 6134841
 53199 words of memory out of 5000000
 3590 multiletter control sequences out of 15000+600000
 3640 words of font info for 14 fonts, out of 8000000 for 9000
 1141 hyphenation exceptions out of 8191
 5i,0n,1p,83b,8s stack positions out of 5000i,500n,10000p,200000b,80000s
./chapter3.tex:5:  ==> Fatal error occurred, no output PDF file produced!
