\BOOKMARK [0][-]{chapter*.2}{Introduction}{}% 1
\BOOKMARK [0][-]{chapter.1}{Installation}{}% 2
\BOOKMARK [1][-]{section.1.1}{Overview}{chapter.1}% 3
\BOOKMARK [1][-]{section.1.2}{System requirements}{chapter.1}% 4
\BOOKMARK [2][-]{subsection.1.2.1}{System and package}{section.1.2}% 5
\BOOKMARK [2][-]{subsection.1.2.2}{Software requirements}{section.1.2}% 6
\BOOKMARK [1][-]{section.1.3}{Initial installation}{chapter.1}% 7
\BOOKMARK [1][-]{section.1.4}{Upgrades}{chapter.1}% 8
\BOOKMARK [1][-]{section.1.5}{qsys - query configuration}{chapter.1}% 9
\BOOKMARK [1][-]{section.1.6}{Configuration files syntax}{chapter.1}% 10
\BOOKMARK [1][-]{section.1.7}{WebObs tree}{chapter.1}% 11
\BOOKMARK [1][-]{section.1.8}{License}{chapter.1}% 12
\BOOKMARK [0][-]{chapter.2}{Reference}{}% 13
\BOOKMARK [1][-]{section.2.1}{Overview}{chapter.2}% 14
\BOOKMARK [1][-]{section.2.2}{Nodes: Elementary WebObs Objects}{chapter.2}% 15
\BOOKMARK [2][-]{subsection.2.2.1}{Create, edit or delete a NODE}{section.2.2}% 16
\BOOKMARK [2][-]{subsection.2.2.2}{Names and codes}{section.2.2}% 17
\BOOKMARK [2][-]{subsection.2.2.3}{Lifetime and validity}{section.2.2}% 18
\BOOKMARK [2][-]{subsection.2.2.4}{Grids memberships}{section.2.2}% 19
\BOOKMARK [2][-]{subsection.2.2.5}{Geographic location}{section.2.2}% 20
\BOOKMARK [2][-]{subsection.2.2.6}{Transmission}{section.2.2}% 21
\BOOKMARK [2][-]{subsection.2.2.7}{Proc's parameters and data status}{section.2.2}% 22
\BOOKMARK [2][-]{subsection.2.2.8}{Features}{section.2.2}% 23
\BOOKMARK [2][-]{subsection.2.2.9}{Installation, information and access}{section.2.2}% 24
\BOOKMARK [2][-]{subsection.2.2.10}{Photos, diagrams and associated documents}{section.2.2}% 25
\BOOKMARK [2][-]{subsection.2.2.11}{Project}{section.2.2}% 26
\BOOKMARK [2][-]{subsection.2.2.12}{Events}{section.2.2}% 27
\BOOKMARK [1][-]{section.2.3}{Grids: networks of nodes}{chapter.2}% 28
\BOOKMARK [2][-]{subsection.2.3.1}{Views}{section.2.3}% 29
\BOOKMARK [2][-]{subsection.2.3.2}{Procs}{section.2.3}% 30
\BOOKMARK [2][-]{subsection.2.3.3}{Forms}{section.2.3}% 31
\BOOKMARK [2][-]{subsection.2.3.4}{Project}{section.2.3}% 32
\BOOKMARK [2][-]{subsection.2.3.5}{Events}{section.2.3}% 33
\BOOKMARK [2][-]{subsection.2.3.6}{TMap: GRIDS diagram}{section.2.3}% 34
\BOOKMARK [1][-]{section.2.4}{Events Logging}{chapter.2}% 35
\BOOKMARK [1][-]{section.2.5}{Web pages}{chapter.2}% 36
\BOOKMARK [2][-]{subsection.2.5.1}{Main menu}{section.2.5}% 37
\BOOKMARK [2][-]{subsection.2.5.2}{Home page}{section.2.5}% 38
\BOOKMARK [2][-]{subsection.2.5.3}{Wiki pages}{section.2.5}% 39
\BOOKMARK [2][-]{subsection.2.5.4}{Tools pages}{section.2.5}% 40
\BOOKMARK [2][-]{subsection.2.5.5}{Application pages}{section.2.5}% 41
\BOOKMARK [0][-]{chapter.3}{Built-in applications}{}% 42
\BOOKMARK [1][-]{section.3.1}{The Gazette}{chapter.3}% 43
\BOOKMARK [2][-]{subsection.3.1.1}{Overview}{section.3.1}% 44
\BOOKMARK [2][-]{subsection.3.1.2}{Configuration}{section.3.1}% 45
\BOOKMARK [2][-]{subsection.3.1.3}{Display/Edit Gazette}{section.3.1}% 46
\BOOKMARK [1][-]{section.3.2}{GRIDMAPS and LOCASTAT: maps of georeferenced nodes}{chapter.3}% 47
\BOOKMARK [2][-]{subsection.3.2.1}{Overview}{section.3.2}% 48
\BOOKMARK [2][-]{subsection.3.2.2}{GRIDMAPS}{section.3.2}% 49
\BOOKMARK [2][-]{subsection.3.2.3}{LOCASTAT}{section.3.2}% 50
\BOOKMARK [1][-]{section.3.3}{SEFRAN3/MC3: seismic chart and bulletin}{chapter.3}% 51
\BOOKMARK [2][-]{subsection.3.3.1}{Overview}{section.3.3}% 52
\BOOKMARK [2][-]{subsection.3.3.2}{SEFRAN3 installation}{section.3.3}% 53
\BOOKMARK [2][-]{subsection.3.3.3}{MC3 configuration}{section.3.3}% 54
\BOOKMARK [2][-]{subsection.3.3.4}{Links with earthquake event catalogs}{section.3.3}% 55
\BOOKMARK [1][-]{section.3.4}{GENPLOT: generic time series}{chapter.3}% 56
\BOOKMARK [2][-]{subsection.3.4.1}{Overview}{section.3.4}% 57
\BOOKMARK [2][-]{subsection.3.4.2}{Configuration}{section.3.4}% 58
\BOOKMARK [1][-]{section.3.5}{HYPOMAP: Earthquake hypocenter maps from seismic catalog}{chapter.3}% 59
\BOOKMARK [2][-]{subsection.3.5.1}{Overview}{section.3.5}% 60
\BOOKMARK [2][-]{subsection.3.5.2}{Configuration}{section.3.5}% 61
\BOOKMARK [1][-]{section.3.6}{HELICORDER: Seismic helicorder}{chapter.3}% 62
\BOOKMARK [2][-]{subsection.3.6.1}{Overview}{section.3.6}% 63
\BOOKMARK [2][-]{subsection.3.6.2}{Configuration}{section.3.6}% 64
\BOOKMARK [1][-]{section.3.7}{RSAM: Realtime Seismic Amplitude Measurement}{chapter.3}% 65
\BOOKMARK [2][-]{subsection.3.7.1}{Overview}{section.3.7}% 66
\BOOKMARK [2][-]{subsection.3.7.2}{Configuration}{section.3.7}% 67
\BOOKMARK [1][-]{section.3.8}{GNSS: GPS time series, vectors and modelling}{chapter.3}% 68
\BOOKMARK [2][-]{subsection.3.8.1}{Overview}{section.3.8}% 69
\BOOKMARK [2][-]{subsection.3.8.2}{Configuration}{section.3.8}% 70
\BOOKMARK [1][-]{section.3.9}{EXTENSO: Extensometry time series and vectors}{chapter.3}% 71
\BOOKMARK [2][-]{subsection.3.9.1}{Overview}{section.3.9}% 72
\BOOKMARK [2][-]{subsection.3.9.2}{Configuration}{section.3.9}% 73
\BOOKMARK [1][-]{section.3.10}{TILT: Tiltmetry time series, vectors and modelling}{chapter.3}% 74
\BOOKMARK [2][-]{subsection.3.10.1}{Overview}{section.3.10}% 75
\BOOKMARK [2][-]{subsection.3.10.2}{Configuration}{section.3.10}% 76
\BOOKMARK [1][-]{section.3.11}{METEO: meteorological time series}{chapter.3}% 77
\BOOKMARK [2][-]{subsection.3.11.1}{Overview}{section.3.11}% 78
\BOOKMARK [2][-]{subsection.3.11.2}{Configuration}{section.3.11}% 79
\BOOKMARK [1][-]{section.3.12}{WATERS: chemical analysis}{chapter.3}% 80
\BOOKMARK [2][-]{subsection.3.12.1}{Overview}{section.3.12}% 81
\BOOKMARK [2][-]{subsection.3.12.2}{Configuration}{section.3.12}% 82
\BOOKMARK [1][-]{section.3.13}{PROCS graph and data request}{chapter.3}% 83
\BOOKMARK [2][-]{subsection.3.13.1}{Overview}{section.3.13}% 84
\BOOKMARK [2][-]{subsection.3.13.2}{Description}{section.3.13}% 85
\BOOKMARK [2][-]{subsection.3.13.3}{Configuration}{section.3.13}% 86
\BOOKMARK [1][-]{section.3.14}{Data formats available for PROCS}{chapter.3}% 87
\BOOKMARK [2][-]{subsection.3.14.1}{Waveforms formats}{section.3.14}% 88
\BOOKMARK [2][-]{subsection.3.14.2}{Generic time series}{section.3.14}% 89
\BOOKMARK [2][-]{subsection.3.14.3}{Quakes catalogs}{section.3.14}% 90
\BOOKMARK [2][-]{subsection.3.14.4}{GNSS solutions}{section.3.14}% 91
\BOOKMARK [2][-]{subsection.3.14.5}{Other specific formats}{section.3.14}% 92
\BOOKMARK [0][-]{chapter.4}{Administration}{}% 93
\BOOKMARK [1][-]{section.4.1}{Users, Groups and Authorizations}{chapter.4}% 94
\BOOKMARK [2][-]{subsection.4.1.1}{Overview}{section.4.1}% 95
\BOOKMARK [2][-]{subsection.4.1.2}{Users table and Groups table}{section.4.1}% 96
\BOOKMARK [2][-]{subsection.4.1.3}{Resource tables}{section.4.1}% 97
\BOOKMARK [2][-]{subsection.4.1.4}{Managing Users and Authorizations}{section.4.1}% 98
\BOOKMARK [2][-]{subsection.4.1.5}{Developing with Users and Authorizations system}{section.4.1}% 99
\BOOKMARK [2][-]{subsection.4.1.6}{Adding a new user}{section.4.1}% 100
\BOOKMARK [1][-]{section.4.2}{PostBoard}{chapter.4}% 101
\BOOKMARK [2][-]{subsection.4.2.1}{Overview}{section.4.2}% 102
\BOOKMARK [2][-]{subsection.4.2.2}{Event names}{section.4.2}% 103
\BOOKMARK [2][-]{subsection.4.2.3}{Managing PostBoard Subscriptions}{section.4.2}% 104
\BOOKMARK [2][-]{subsection.4.2.4}{Developing with Notifications}{section.4.2}% 105
\BOOKMARK [1][-]{section.4.3}{Scheduler}{chapter.4}% 106
\BOOKMARK [2][-]{subsection.4.3.1}{Overview}{section.4.3}% 107
\BOOKMARK [2][-]{subsection.4.3.2}{Configuration and Tables}{section.4.3}% 108
\BOOKMARK [2][-]{subsection.4.3.3}{Jobs selection and execution}{section.4.3}% 109
\BOOKMARK [2][-]{subsection.4.3.4}{Scheduler manager}{section.4.3}% 110
\BOOKMARK [2][-]{subsection.4.3.5}{Scheduler runs}{section.4.3}% 111
\BOOKMARK [2][-]{subsection.4.3.6}{Scheduler status}{section.4.3}% 112
\BOOKMARK [2][-]{subsection.4.3.7}{Scheduler command line}{section.4.3}% 113
\BOOKMARK [1][-]{section.4.4}{WOC}{chapter.4}% 114
\BOOKMARK [2][-]{subsection.4.4.1}{Overview}{section.4.4}% 115
\BOOKMARK [0][-]{chapter.5}{Developments}{}% 116
\BOOKMARK [1][-]{section.5.1}{Use PROC's output graphics facilities}{chapter.5}% 117
\BOOKMARK [2][-]{subsection.5.1.1}{Graphs per time scale}{section.5.1}% 118
\BOOKMARK [2][-]{subsection.5.1.2}{Graphs per event}{section.5.1}% 119
\BOOKMARK [1][-]{section.5.2}{SUPERPROCS: Templates for applications development}{chapter.5}% 120
\BOOKMARK [2][-]{subsection.5.2.1}{Superprocs}{section.5.2}% 121
\BOOKMARK [0][-]{chapter*.65}{Appendix}{}% 122
\BOOKMARK [0][-]{chapter*.66}{Acknowledgments}{}% 123
